<?xml version="1.0" encoding="UTF-8"?>
<testng-results skipped="0" failed="0" ignored="0" total="1" passed="1">
  <reporter-output>
  </reporter-output>
  <suite name="Default suite" duration-ms="5094" started-at="2023-03-13T07:49:10Z" finished-at="2023-03-13T07:49:15Z">
    <groups>
    </groups>
    <test name="Default test" duration-ms="5094" started-at="2023-03-13T07:49:10Z" finished-at="2023-03-13T07:49:15Z">
      <class name="TestCases.retriveExtOrganization">
        <test-method status="PASS" signature="retriveExtOrg()[pri:0, instance:TestCases.retriveExtOrganization@12e61fe6]" name="retriveExtOrg" duration-ms="5059" started-at="2023-03-13T07:49:10Z" finished-at="2023-03-13T07:49:15Z">
          <reporter-output>
          </reporter-output>
        </test-method> <!-- retriveExtOrg -->
      </class> <!-- TestCases.retriveExtOrganization -->
    </test> <!-- Default test -->
  </suite> <!-- Default suite -->
</testng-results>
