<?xml version="1.0" encoding="UTF-8"?>
<!-- Generated by org.testng.reporters.JUnitXMLReporter -->
<testsuite hostname="Chandramaulis-MacBook-Air.local" ignored="0" name="Test" tests="3" failures="0" timestamp="12 Mar 2023 16:19:21 GMT" time="4.94" errors="0">
  <testcase name="createExtOrg" time="2.325" classname="TestCases.createExtOrganization"/>
  <testcase name="createExtOrgandOptionalFilelds" time="0.378" classname="TestCases.createExtOrgAndOptionalFilelds"/>
  <testcase name="retriveExtOrg" time="2.205" classname="TestCases.retriveExtOrganization"/>
</testsuite> <!-- Test -->
