<?xml version="1.0" encoding="UTF-8"?>
<testng-results ignored="0" total="1" passed="1" failed="0" skipped="0">
  <reporter-output>
  </reporter-output>
  <suite started-at="2023-03-13T09:02:13 CET" name="Default suite" finished-at="2023-03-13T09:02:24 CET" duration-ms="10378">
    <groups>
    </groups>
    <test started-at="2023-03-13T09:02:13 CET" name="Default test" finished-at="2023-03-13T09:02:24 CET" duration-ms="10378">
      <class name="TestCases.TestCase">
        <test-method is-config="true" signature="initialization()[pri:0, instance:TestCases.TestCase@57d7f8ca]" started-at="2023-03-13T09:01:59 CET" name="initialization" finished-at="2023-03-13T09:02:13 CET" duration-ms="14308" status="PASS">
          <reporter-output>
          </reporter-output>
        </test-method> <!-- initialization -->
        <test-method is-config="true" signature="execution()[pri:0, instance:TestCases.TestCase@57d7f8ca]" started-at="2023-03-13T09:02:13 CET" name="execution" finished-at="2023-03-13T09:02:13 CET" duration-ms="75" status="PASS">
          <reporter-output>
          </reporter-output>
        </test-method> <!-- execution -->
        <test-method signature="login()[pri:0, instance:TestCases.TestCase@57d7f8ca]" started-at="2023-03-13T09:02:13 CET" name="login" finished-at="2023-03-13T09:02:24 CET" duration-ms="10246" status="PASS">
          <reporter-output>
          </reporter-output>
        </test-method> <!-- login -->
        <test-method is-config="true" signature="closeBrowser()[pri:0, instance:TestCases.TestCase@57d7f8ca]" started-at="2023-03-13T09:02:24 CET" name="closeBrowser" finished-at="2023-03-13T09:02:24 CET" duration-ms="154" status="PASS">
          <reporter-output>
          </reporter-output>
        </test-method> <!-- closeBrowser -->
      </class> <!-- TestCases.TestCase -->
    </test> <!-- Default test -->
  </suite> <!-- Default suite -->
</testng-results>
